#
# There is insufficient memory for the Java Runtime Environment to continue.
# Native memory allocation (malloc) failed to allocate 1048576 bytes for AllocateHeap
# Possible reasons:
#   The system is out of physical RAM or swap space
#   In 32 bit mode, the process size limit was hit
# Possible solutions:
#   Reduce memory load on the system
#   Increase physical memory or swap space
#   Check if swap backing store is full
#   Use 64 bit Java on a 64 bit OS
#   Decrease Java heap size (-Xmx/-Xms)
#   Decrease number of Java threads
#   Decrease Java thread stack sizes (-Xss)
#   Set larger code cache with -XX:ReservedCodeCacheSize=
# This output file may be truncated or incomplete.
#
#  Out of Memory Error (memory/allocation.inline.hpp:61), pid=63560, tid=0x000000000000ee70
#
# JRE version:  (8.0) (build )
# Java VM: OpenJDK 64-Bit Server VM (25.71-b00 mixed mode windows-amd64 compressed oops)
# Failed to write core dump. Minidumps are not enabled by default on client versions of Windows
#

---------------  T H R E A D  ---------------

Current thread (0x0000000002e03800):  JavaThread "Unknown thread" [_thread_in_vm, id=61040, stack(0x0000000002d00000,0x0000000002e00000)]

Stack: [0x0000000002d00000,0x0000000002e00000]
[error occurred during error reporting (printing stack bounds), id 0xc0000005]

Native frames: (J=compiled Java code, j=interpreted, Vv=VM code, C=native code)


---------------  P R O C E S S  ---------------

Java Threads: ( => current thread )

Other Threads:

=>0x0000000002e03800 (exited) JavaThread "Unknown thread" [_thread_in_vm, id=61040, stack(0x0000000002d00000,0x0000000002e00000)]

VM state:not at safepoint (normal execution)

VM Mutex/Monitor currently owned by a thread: None

Heap:
 PSYoungGen      total 76288K, used 1310K [0x000000076b000000, 0x0000000770500000, 0x00000007c0000000)
  eden space 65536K, 2% used [0x000000076b000000,0x000000076b147af0,0x000000076f000000)
  from space 10752K, 0% used [0x000000076fa80000,0x000000076fa80000,0x0000000770500000)
  to   space 10752K, 0% used [0x000000076f000000,0x000000076f000000,0x000000076fa80000)
 ParOldGen       total 175104K, used 0K [0x00000006c1000000, 0x00000006cbb00000, 0x000000076b000000)
  object space 175104K, 0% used [0x00000006c1000000,0x00000006c1000000,0x00000006cbb00000)
 Metaspace       used 777K, capacity 4480K, committed 4480K, reserved 1056768K
  class space    used 74K, capacity 384K, committed 384K, reserved 1048576K

Card table byte_map: [0x00000000122c0000,0x0000000012ac0000] byte_map_base: 0x000000000ecb8000

Marking Bits: (ParMarkBitMap*) 0x000000006f68be50
 Begin Bits: [0x0000000013d10000, 0x0000000017cd0000)
 End Bits:   [0x0000000017cd0000, 0x000000001bc90000)

Polling page: 0x00000000013d0000

CodeCache: size=245760Kb used=327Kb max_used=327Kb free=245432Kb
 bounds [0x0000000002f00000, 0x0000000003170000, 0x0000000011f00000]
 total_blobs=56 nmethods=0 adapters=38
 compilation: enabled

Compilation events (0 events):
No events

GC Heap History (0 events):
No events

Deoptimization events (0 events):
No events

Classes redefined (0 events):
No events

Internal exceptions (0 events):
No events

Events (10 events):
Event: 0.024 loading class java/lang/Short
Event: 0.024 loading class java/lang/Short done
Event: 0.024 loading class java/lang/Integer
Event: 0.024 loading class java/lang/Integer done
Event: 0.024 loading class java/lang/Long
Event: 0.024 loading class java/lang/Long done
Event: 0.025 loading class java/lang/NullPointerException
Event: 0.025 loading class java/lang/NullPointerException done
Event: 0.025 loading class java/lang/ArithmeticException
Event: 0.025 loading class java/lang/ArithmeticException done


Dynamic libraries:
0x00007ff7bfd20000 - 0x00007ff7bfd55000 	C:\Program Files\Unity\Hub\Editor\2018.3.5f1\Editor\Data\PlaybackEngines\AndroidPlayer\Tools\OpenJDK\Windows\bin\java.exe
0x00007ffa00320000 - 0x00007ffa00501000 	C:\WINDOWS\SYSTEM32\ntdll.dll
0x00007ff9fd980000 - 0x00007ff9fda31000 	C:\WINDOWS\System32\KERNEL32.DLL
0x00007ff9fca30000 - 0x00007ff9fcca3000 	C:\WINDOWS\System32\KERNELBASE.dll
0x00007ff9fdd00000 - 0x00007ff9fdda1000 	C:\WINDOWS\System32\ADVAPI32.dll
0x00007ffa00250000 - 0x00007ffa002ee000 	C:\WINDOWS\System32\msvcrt.dll
0x00007ff9ffed0000 - 0x00007ff9fff2b000 	C:\WINDOWS\System32\sechost.dll
0x00007ff9fe960000 - 0x00007ff9fea84000 	C:\WINDOWS\System32\RPCRT4.dll
0x00007ff9fe7c0000 - 0x00007ff9fe950000 	C:\WINDOWS\System32\USER32.dll
0x00007ff9fc970000 - 0x00007ff9fc990000 	C:\WINDOWS\System32\win32u.dll
0x00007ff9fd7b0000 - 0x00007ff9fd7d8000 	C:\WINDOWS\System32\GDI32.dll
0x00007ff9fc750000 - 0x00007ff9fc8e2000 	C:\WINDOWS\System32\gdi32full.dll
0x00007ff9fc990000 - 0x00007ff9fca2f000 	C:\WINDOWS\System32\msvcp_win.dll
0x00007ff9fccb0000 - 0x00007ff9fcda8000 	C:\WINDOWS\System32\ucrtbase.dll
0x00007ff9f14f0000 - 0x00007ff9f1759000 	C:\WINDOWS\WinSxS\amd64_microsoft.windows.common-controls_6595b64144ccf1df_6.0.17134.765_none_fb42a1a930655896\COMCTL32.dll
0x00007ff9fe020000 - 0x00007ff9fe342000 	C:\WINDOWS\System32\combase.dll
0x00007ff9fc8f0000 - 0x00007ff9fc96a000 	C:\WINDOWS\System32\bcryptPrimitives.dll
0x00007ff9fdff0000 - 0x00007ff9fe01d000 	C:\WINDOWS\System32\IMM32.DLL
0x000000006f710000 - 0x000000006f7e2000 	C:\Program Files\Unity\Hub\Editor\2018.3.5f1\Editor\Data\PlaybackEngines\AndroidPlayer\Tools\OpenJDK\Windows\jre\bin\msvcr100.dll
0x000000006eec0000 - 0x000000006f709000 	C:\Program Files\Unity\Hub\Editor\2018.3.5f1\Editor\Data\PlaybackEngines\AndroidPlayer\Tools\OpenJDK\Windows\jre\bin\server\jvm.dll
0x00007ff9fff30000 - 0x00007ff9fff38000 	C:\WINDOWS\System32\PSAPI.DLL
0x00007ff9f6850000 - 0x00007ff9f685a000 	C:\WINDOWS\SYSTEM32\VERSION.dll
0x00007ff9f93c0000 - 0x00007ff9f93c9000 	C:\WINDOWS\SYSTEM32\WSOCK32.dll
0x00007ff9f94e0000 - 0x00007ff9f9503000 	C:\WINDOWS\SYSTEM32\WINMM.dll
0x00007ffa00010000 - 0x00007ffa0007c000 	C:\WINDOWS\System32\WS2_32.dll
0x00007ff9f94b0000 - 0x00007ff9f94da000 	C:\WINDOWS\SYSTEM32\WINMMBASE.dll
0x00007ff9fd570000 - 0x00007ff9fd5b9000 	C:\WINDOWS\System32\cfgmgr32.dll
0x00007ff9f4b70000 - 0x00007ff9f4b7f000 	C:\Program Files\Unity\Hub\Editor\2018.3.5f1\Editor\Data\PlaybackEngines\AndroidPlayer\Tools\OpenJDK\Windows\jre\bin\verify.dll
0x00007ff9f2dc0000 - 0x00007ff9f2de9000 	C:\Program Files\Unity\Hub\Editor\2018.3.5f1\Editor\Data\PlaybackEngines\AndroidPlayer\Tools\OpenJDK\Windows\jre\bin\java.dll
0x00007ff9e5a00000 - 0x00007ff9e5a16000 	C:\Program Files\Unity\Hub\Editor\2018.3.5f1\Editor\Data\PlaybackEngines\AndroidPlayer\Tools\OpenJDK\Windows\jre\bin\zip.dll

VM Arguments:
jvm_args: -Dcom.android.sdkmanager.toolsdir=C:\Users\User\AppData\Local\Android\Sdk\tools\bin\\.. 
java_command: com.android.sdklib.tool.AvdManagerCli list target -c
java_class_path (initial): C:\Users\User\AppData\Local\Android\Sdk\tools\bin\..\lib\dvlib-26.0.0-dev.jar;C:\Users\User\AppData\Local\Android\Sdk\tools\bin\..\lib\jimfs-1.1.jar;C:\Users\User\AppData\Local\Android\Sdk\tools\bin\..\lib\jsr305-1.3.9.jar;C:\Users\User\AppData\Local\Android\Sdk\tools\bin\..\lib\repository-26.0.0-dev.jar;C:\Users\User\AppData\Local\Android\Sdk\tools\bin\..\lib\j2objc-annotations-1.1.jar;C:\Users\User\AppData\Local\Android\Sdk\tools\bin\..\lib\layoutlib-api-26.0.0-dev.jar;C:\Users\User\AppData\Local\Android\Sdk\tools\bin\..\lib\gson-2.3.jar;C:\Users\User\AppData\Local\Android\Sdk\tools\bin\..\lib\httpcore-4.2.5.jar;C:\Users\User\AppData\Local\Android\Sdk\tools\bin\..\lib\commons-logging-1.1.1.jar;C:\Users\User\AppData\Local\Android\Sdk\tools\bin\..\lib\commons-compress-1.12.jar;C:\Users\User\AppData\Local\Android\Sdk\tools\bin\..\lib\annotations-26.0.0-dev.jar;C:\Users\User\AppData\Local\Android\Sdk\tools\bin\..\lib\error_prone_annotations-2.0.18.jar;C:\Users\User\AppData\Local\Android\Sdk\tools\bin\..\lib\animal-sniffer-annotations-1.14.jar;C:\Users\User\AppData\Local\Android\Sdk\tools\bin\..\lib\httpclient-4.2.6.jar;C:\Users\User\AppData\Local\Android\Sdk\tools\bin\..\lib\commons-codec-1.6.jar;C:\Users\User\AppData\Local\Android\Sdk\tools\bin\..\lib\common-26.0.0-dev.jar;C:\Users\User\AppData\Local\Android\Sdk\tools\bin\..\lib\kxml2-2.3.0.jar;C:\Users\User\AppData\Local\Android\Sdk\tools\bin\..\lib\httpmime-4.1.jar;C:\Users\User\AppData\Local\Android\Sdk\tools\bin\..\lib\annotations-12.0.jar;C:\Users\User\AppData\Local\Android\Sdk\tools\bin\..\lib\sdklib-26.0.0-dev.jar;C:\Users\User\AppData\Local\Android\Sdk\tools\bin\..\lib\guava-22.0.jar
Launcher Type: SUN_STANDARD

Environment Variables:
JAVA_HOME=C:\Program Files\Unity\Hub\Editor\2018.3.5f1\Editor\Data\PlaybackEngines\AndroidPlayer/Tools\OpenJDK\Windows
CLASSPATH=C:\Users\User\AppData\Local\Android\Sdk\tools\bin\..\lib\dvlib-26.0.0-dev.jar;C:\Users\User\AppData\Local\Android\Sdk\tools\bin\..\lib\jimfs-1.1.jar;C:\Users\User\AppData\Local\Android\Sdk\tools\bin\..\lib\jsr305-1.3.9.jar;C:\Users\User\AppData\Local\Android\Sdk\tools\bin\..\lib\repository-26.0.0-dev.jar;C:\Users\User\AppData\Local\Android\Sdk\tools\bin\..\lib\j2objc-annotations-1.1.jar;C:\Users\User\AppData\Local\Android\Sdk\tools\bin\..\lib\layoutlib-api-26.0.0-dev.jar;C:\Users\User\AppData\Local\Android\Sdk\tools\bin\..\lib\gson-2.3.jar;C:\Users\User\AppData\Local\Android\Sdk\tools\bin\..\lib\httpcore-4.2.5.jar;C:\Users\User\AppData\Local\Android\Sdk\tools\bin\..\lib\commons-logging-1.1.1.jar;C:\Users\User\AppData\Local\Android\Sdk\tools\bin\..\lib\commons-compress-1.12.jar;C:\Users\User\AppData\Local\Android\Sdk\tools\bin\..\lib\annotations-26.0.0-dev.jar;C:\Users\User\AppData\Local\Android\Sdk\tools\bin\..\lib\error_prone_annotations-2.0.18.jar;C:\Users\User\AppData\Local\Android\Sdk\tools\bin\..\lib\animal-sniffer-annotations-1.14.jar;C:\Users\User\AppData\Local\Android\Sdk\tools\bin\..\lib\httpclient-4.2.6.jar;C:\Users\User\AppData\Local\Android\Sdk\tools\bin\..\lib\commons-codec-1.6.jar;C:\Users\User\AppData\Local\Android\Sdk\tools\bin\..\lib\common-26.0.0-dev.jar;C:\Users\User\AppData\Local\Android\Sdk\tools\bin\..\lib\kxml2-2.3.0.jar;C:\Users\User\AppData\Local\Android\Sdk\tools\bin\..\lib\httpmime-4.1.jar;C:\Users\User\AppData\Local\Android\Sdk\tools\bin\..\lib\annotations-12.0.jar;C:\Users\User\AppData\Local\Android\Sdk\tools\bin\..\lib\sdklib-26.0.0-dev.jar;C:\Users\User\AppData\Local\Android\Sdk\tools\bin\..\lib\guava-22.0.jar
PATH=C:\Program Files (x86)\Common Files\Intel\Shared Libraries\redist\intel64\compiler;c:\programdata\oracle\java\javapath;c:\windows\system32;c:\windows;c:\windows\system32\wbem;c:\windows\system32\windowspowershell\v1.0\;c:\program files\tortoisesvn\bin;c:\program files (x86)\windows live\shared;c:\program files\common files\autodesk shared\;c:\program files (x86)\quicktime\qtsystem\;c:\windows\system32\config\systemprofile\.dnx\bin;c:\program files\microsoft dnx\dnvm\;c:\program files\microsoft sql server\130\tools\binn\;c:\program files\microsoft sql server\120\tools\binn\;c:\program files (x86)\gtksharp\2.12\bin;C:\Program Files (x86)\NVIDIA Corporation\PhysX\Common;E:\GTKSharp\2.12\bin;C:\Program Files\dotnet\;C:\WINDOWS\system32;C:\WINDOWS;C:\WINDOWS\System32\Wbem;C:\WINDOWS\System32\WindowsPowerShell\v1.0\;C:\Program Files (x86)\Common Files\Acronis\VirtualFile\;C:\Program Files (x86)\Common Files\Acronis\VirtualFile64\;C:\Program Files (x86)\Common Files\Acronis\SnapAPI\;C:\Program Files\Git\cmd;C:\Program Files\nodejs\;C:\WINDOWS\System32\OpenSSH\;C:\Program Files\Microsoft VS Code\bin;C:\Program Files\NVIDIA Corporation\NVIDIA NvDLISR;C:\Program Files (x86)\Yarn\bin\;C:\Users\User\AppData\Local\Microsoft\WindowsApps;C:\Program Files\Microsoft VS Code\bin;C:\Users\User\AppData\Local\GitHubDesktop\bin;C:\Users\User\AppData\Local\Microsoft\WindowsApps;C:\Users\User\AppData\Roaming\npm;C:\Users\User\AppData\Local\Programs\Microsoft VS Code\bin;C:\Users\User\.dotnet\tools;C:\Users\User\AppData\Local\atom\bin;C:\Users\User\AppData\Local\Yarn\bin
USERNAME=User
OS=Windows_NT
PROCESSOR_IDENTIFIER=AMD64 Family 23 Model 1 Stepping 1, AuthenticAMD



---------------  S Y S T E M  ---------------

OS: Windows 10.0 , 64 bit Build 17134 (10.0.17134.753)

CPU:total 16 (initial active 16) (16 cores per cpu, 1 threads per core) family 23 model 1 stepping 1, cmov, cx8, fxsr, mmx, sse, sse2, sse3, ssse3, sse4.1, sse4.2, popcnt, avx, avx2, aes, clmul, mmxext, 3dnowpref, lzcnt, sse4a, tsc, tscinvbit, tscinv, bmi1

Memory: 4k page, physical 16705640k(1984324k free), swap 33482856k(5976k free)

vm_info: OpenJDK 64-Bit Server VM (25.71-b00) for windows-amd64 JRE (1.8.0-adoptopenjdk-_2018_05_19_00_59-b00), built on May 19 2018 01:02:12 by "jenkins" with MS VC++ 10.0 (VS2010)

time: Thu Jun 13 17:33:00 2019
elapsed time: 0 seconds (0d 0h 0m 0s)

